time:2018-02-03 16:08:30,906	level:INFO	file:error.py	module:error	method:_ready	line:22	message:400 MIME type must be JSON.
time:2018-02-03 16:10:46,260	level:INFO	file:error.py	module:error	method:_ready	line:22	message:400 MIME type must be JSON.
time:2018-02-07 15:12:27,058	level:INFO	file:error.py	module:error	method:_ready	line:22	message:404 The requested URL was not found on the server.  If you entered the URL manually please check your spelling and try again.
time:2018-02-08 17:17:29,158	level:INFO	file:error.py	module:error	method:_ready	line:22	message:404 The requested URL was not found on the server.  If you entered the URL manually please check your spelling and try again.
time:2018-05-07 10:18:58,706	level:INFO	file:error.py	module:error	method:_ready	line:22	message:404 The requested URL was not found on the server.  If you entered the URL manually please check your spelling and try again.
time:2018-05-07 10:18:59,037	level:INFO	file:error.py	module:error	method:_ready	line:22	message:404 The requested URL was not found on the server.  If you entered the URL manually please check your spelling and try again.
time:2018-05-07 10:37:30,865	level:INFO	file:error.py	module:error	method:_ready	line:22	message:404 The requested URL was not found on the server.  If you entered the URL manually please check your spelling and try again.
time:2018-05-07 10:37:33,140	level:INFO	file:error.py	module:error	method:_ready	line:22	message:404 The requested URL was not found on the server.  If you entered the URL manually please check your spelling and try again.
time:2018-05-07 10:57:52,896	level:INFO	file:error.py	module:error	method:_ready	line:22	message:404 The requested URL was not found on the server.  If you entered the URL manually please check your spelling and try again.
time:2018-05-07 10:58:28,068	level:INFO	file:error.py	module:error	method:_ready	line:22	message:404 The requested URL was not found on the server.  If you entered the URL manually please check your spelling and try again.
time:2018-05-07 10:58:56,417	level:INFO	file:error.py	module:error	method:_ready	line:22	message:404 The requested URL was not found on the server.  If you entered the URL manually please check your spelling and try again.
time:2018-05-07 10:59:27,801	level:INFO	file:error.py	module:error	method:_ready	line:22	message:404 The requested URL was not found on the server.  If you entered the URL manually please check your spelling and try again.
time:2018-05-07 11:01:06,257	level:INFO	file:error.py	module:error	method:_ready	line:22	message:404 The requested URL was not found on the server.  If you entered the URL manually please check your spelling and try again.
time:2018-05-07 11:02:33,625	level:INFO	file:error.py	module:error	method:_ready	line:22	message:404 The requested URL was not found on the server.  If you entered the URL manually please check your spelling and try again.
time:2018-05-07 11:05:33,453	level:INFO	file:error.py	module:error	method:_ready	line:22	message:404 The requested URL was not found on the server.  If you entered the URL manually please check your spelling and try again.
time:2018-05-07 11:06:02,339	level:INFO	file:error.py	module:error	method:_ready	line:22	message:404 The requested URL was not found on the server.  If you entered the URL manually please check your spelling and try again.
time:2018-05-07 11:06:26,891	level:INFO	file:error.py	module:error	method:_ready	line:22	message:404 The requested URL was not found on the server.  If you entered the URL manually please check your spelling and try again.
time:2018-05-07 11:07:57,680	level:INFO	file:error.py	module:error	method:_ready	line:22	message:404 The requested URL was not found on the server.  If you entered the URL manually please check your spelling and try again.
time:2018-05-07 11:09:28,056	level:INFO	file:error.py	module:error	method:_ready	line:22	message:404 The requested URL was not found on the server.  If you entered the URL manually please check your spelling and try again.
time:2018-05-07 11:11:18,561	level:INFO	file:error.py	module:error	method:_ready	line:22	message:404 The requested URL was not found on the server.  If you entered the URL manually please check your spelling and try again.
time:2018-05-07 11:11:51,939	level:INFO	file:error.py	module:error	method:_ready	line:22	message:404 The requested URL was not found on the server.  If you entered the URL manually please check your spelling and try again.
time:2018-05-07 11:14:54,604	level:INFO	file:error.py	module:error	method:_ready	line:22	message:404 The requested URL was not found on the server.  If you entered the URL manually please check your spelling and try again.
time:2018-05-07 11:19:28,316	level:INFO	file:error.py	module:error	method:_ready	line:22	message:404 The requested URL was not found on the server.  If you entered the URL manually please check your spelling and try again.
time:2018-05-07 11:20:10,140	level:INFO	file:error.py	module:error	method:_ready	line:22	message:404 The requested URL was not found on the server.  If you entered the URL manually please check your spelling and try again.
time:2018-05-07 11:20:29,138	level:INFO	file:error.py	module:error	method:_ready	line:22	message:404 The requested URL was not found on the server.  If you entered the URL manually please check your spelling and try again.
time:2018-05-07 11:20:54,477	level:INFO	file:error.py	module:error	method:_ready	line:22	message:404 The requested URL was not found on the server.  If you entered the URL manually please check your spelling and try again.
time:2018-05-07 11:21:22,331	level:INFO	file:error.py	module:error	method:_ready	line:22	message:404 The requested URL was not found on the server.  If you entered the URL manually please check your spelling and try again.
time:2018-05-07 11:22:12,163	level:INFO	file:error.py	module:error	method:_ready	line:22	message:404 The requested URL was not found on the server.  If you entered the URL manually please check your spelling and try again.
time:2018-05-07 11:25:09,033	level:INFO	file:error.py	module:error	method:_ready	line:22	message:404 The requested URL was not found on the server.  If you entered the URL manually please check your spelling and try again.
time:2018-05-07 11:26:32,927	level:INFO	file:error.py	module:error	method:_ready	line:22	message:404 The requested URL was not found on the server.  If you entered the URL manually please check your spelling and try again.
time:2018-05-07 11:26:47,456	level:INFO	file:error.py	module:error	method:_ready	line:22	message:404 The requested URL was not found on the server.  If you entered the URL manually please check your spelling and try again.
time:2018-05-07 11:26:57,429	level:INFO	file:error.py	module:error	method:_ready	line:22	message:404 The requested URL was not found on the server.  If you entered the URL manually please check your spelling and try again.
time:2018-05-07 11:28:13,430	level:INFO	file:error.py	module:error	method:_ready	line:22	message:404 The requested URL was not found on the server.  If you entered the URL manually please check your spelling and try again.
time:2018-05-07 11:28:22,493	level:INFO	file:error.py	module:error	method:_ready	line:22	message:404 The requested URL was not found on the server.  If you entered the URL manually please check your spelling and try again.
time:2018-05-07 11:31:39,028	level:INFO	file:error.py	module:error	method:_ready	line:22	message:404 The requested URL was not found on the server.  If you entered the URL manually please check your spelling and try again.
time:2018-05-07 11:32:01,298	level:INFO	file:error.py	module:error	method:_ready	line:22	message:404 The requested URL was not found on the server.  If you entered the URL manually please check your spelling and try again.
time:2018-05-07 11:32:53,409	level:INFO	file:error.py	module:error	method:_ready	line:22	message:404 The requested URL was not found on the server.  If you entered the URL manually please check your spelling and try again.
time:2018-05-07 11:32:55,143	level:INFO	file:error.py	module:error	method:_ready	line:22	message:404 The requested URL was not found on the server.  If you entered the URL manually please check your spelling and try again.
time:2018-05-07 11:33:10,696	level:INFO	file:error.py	module:error	method:_ready	line:22	message:404 The requested URL was not found on the server.  If you entered the URL manually please check your spelling and try again.
time:2018-05-07 11:35:52,009	level:INFO	file:error.py	module:error	method:_ready	line:22	message:404 The requested URL was not found on the server.  If you entered the URL manually please check your spelling and try again.
time:2018-05-07 11:36:19,884	level:INFO	file:error.py	module:error	method:_ready	line:22	message:404 The requested URL was not found on the server.  If you entered the URL manually please check your spelling and try again.
time:2018-05-07 11:36:37,523	level:INFO	file:error.py	module:error	method:_ready	line:22	message:404 The requested URL was not found on the server.  If you entered the URL manually please check your spelling and try again.
time:2018-05-07 11:36:44,078	level:INFO	file:error.py	module:error	method:_ready	line:22	message:404 The requested URL was not found on the server.  If you entered the URL manually please check your spelling and try again.
time:2018-05-07 11:37:06,669	level:INFO	file:error.py	module:error	method:_ready	line:22	message:404 The requested URL was not found on the server.  If you entered the URL manually please check your spelling and try again.
time:2018-05-07 11:38:17,115	level:INFO	file:error.py	module:error	method:_ready	line:22	message:404 The requested URL was not found on the server.  If you entered the URL manually please check your spelling and try again.
time:2018-05-07 11:38:34,422	level:INFO	file:error.py	module:error	method:_ready	line:22	message:404 The requested URL was not found on the server.  If you entered the URL manually please check your spelling and try again.
time:2018-05-07 11:38:44,841	level:INFO	file:error.py	module:error	method:_ready	line:22	message:404 The requested URL was not found on the server.  If you entered the URL manually please check your spelling and try again.
time:2018-05-07 11:44:36,829	level:INFO	file:error.py	module:error	method:_ready	line:22	message:404 The requested URL was not found on the server.  If you entered the URL manually please check your spelling and try again.
time:2018-05-07 11:44:50,060	level:INFO	file:error.py	module:error	method:_ready	line:22	message:404 The requested URL was not found on the server.  If you entered the URL manually please check your spelling and try again.
time:2018-05-07 11:45:00,917	level:INFO	file:error.py	module:error	method:_ready	line:22	message:404 The requested URL was not found on the server.  If you entered the URL manually please check your spelling and try again.
time:2018-05-07 11:45:20,959	level:INFO	file:error.py	module:error	method:_ready	line:22	message:404 The requested URL was not found on the server.  If you entered the URL manually please check your spelling and try again.
time:2018-05-07 11:45:30,463	level:INFO	file:error.py	module:error	method:_ready	line:22	message:404 The requested URL was not found on the server.  If you entered the URL manually please check your spelling and try again.
time:2018-05-07 11:46:37,171	level:INFO	file:error.py	module:error	method:_ready	line:22	message:404 The requested URL was not found on the server.  If you entered the URL manually please check your spelling and try again.
time:2018-05-07 11:49:34,157	level:INFO	file:error.py	module:error	method:_ready	line:22	message:404 The requested URL was not found on the server.  If you entered the URL manually please check your spelling and try again.
time:2018-05-07 11:50:01,334	level:INFO	file:error.py	module:error	method:_ready	line:22	message:404 The requested URL was not found on the server.  If you entered the URL manually please check your spelling and try again.
time:2018-05-07 11:52:18,587	level:INFO	file:error.py	module:error	method:_ready	line:22	message:404 The requested URL was not found on the server.  If you entered the URL manually please check your spelling and try again.
time:2018-05-07 11:55:32,713	level:INFO	file:error.py	module:error	method:_ready	line:22	message:404 The requested URL was not found on the server.  If you entered the URL manually please check your spelling and try again.
time:2018-05-07 11:56:00,339	level:INFO	file:error.py	module:error	method:_ready	line:22	message:404 The requested URL was not found on the server.  If you entered the URL manually please check your spelling and try again.
time:2018-05-07 11:56:11,538	level:INFO	file:error.py	module:error	method:_ready	line:22	message:404 The requested URL was not found on the server.  If you entered the URL manually please check your spelling and try again.
time:2018-05-07 11:58:32,959	level:INFO	file:error.py	module:error	method:_ready	line:22	message:404 The requested URL was not found on the server.  If you entered the URL manually please check your spelling and try again.
time:2018-05-07 11:58:35,671	level:INFO	file:error.py	module:error	method:_ready	line:22	message:404 The requested URL was not found on the server.  If you entered the URL manually please check your spelling and try again.
time:2018-05-07 11:59:11,656	level:INFO	file:error.py	module:error	method:_ready	line:22	message:404 The requested URL was not found on the server.  If you entered the URL manually please check your spelling and try again.
time:2018-05-07 11:59:14,751	level:INFO	file:error.py	module:error	method:_ready	line:22	message:404 The requested URL was not found on the server.  If you entered the URL manually please check your spelling and try again.
time:2018-05-07 12:02:17,306	level:INFO	file:error.py	module:error	method:_ready	line:22	message:404 The requested URL was not found on the server.  If you entered the URL manually please check your spelling and try again.
time:2018-05-07 12:02:29,717	level:INFO	file:error.py	module:error	method:_ready	line:22	message:404 The requested URL was not found on the server.  If you entered the URL manually please check your spelling and try again.
time:2018-05-07 12:03:02,779	level:INFO	file:error.py	module:error	method:_ready	line:22	message:404 The requested URL was not found on the server.  If you entered the URL manually please check your spelling and try again.
time:2018-05-07 12:03:12,088	level:INFO	file:error.py	module:error	method:_ready	line:22	message:404 The requested URL was not found on the server.  If you entered the URL manually please check your spelling and try again.
time:2018-05-07 12:04:23,897	level:INFO	file:error.py	module:error	method:_ready	line:22	message:404 The requested URL was not found on the server.  If you entered the URL manually please check your spelling and try again.
time:2018-05-07 12:04:56,634	level:INFO	file:error.py	module:error	method:_ready	line:22	message:404 The requested URL was not found on the server.  If you entered the URL manually please check your spelling and try again.
time:2018-05-07 12:05:13,450	level:INFO	file:error.py	module:error	method:_ready	line:22	message:404 The requested URL was not found on the server.  If you entered the URL manually please check your spelling and try again.
time:2018-05-07 12:07:33,218	level:INFO	file:error.py	module:error	method:_ready	line:22	message:404 The requested URL was not found on the server.  If you entered the URL manually please check your spelling and try again.
time:2018-05-07 12:07:46,344	level:INFO	file:error.py	module:error	method:_ready	line:22	message:404 The requested URL was not found on the server.  If you entered the URL manually please check your spelling and try again.
time:2018-05-07 12:08:26,013	level:INFO	file:error.py	module:error	method:_ready	line:22	message:404 The requested URL was not found on the server.  If you entered the URL manually please check your spelling and try again.
time:2018-05-07 12:10:14,460	level:INFO	file:error.py	module:error	method:_ready	line:22	message:404 The requested URL was not found on the server.  If you entered the URL manually please check your spelling and try again.
time:2018-05-07 12:10:14,772	level:INFO	file:error.py	module:error	method:_ready	line:22	message:404 The requested URL was not found on the server.  If you entered the URL manually please check your spelling and try again.
time:2018-05-07 12:10:36,828	level:INFO	file:error.py	module:error	method:_ready	line:22	message:404 The requested URL was not found on the server.  If you entered the URL manually please check your spelling and try again.
time:2018-05-07 12:13:51,861	level:INFO	file:error.py	module:error	method:_ready	line:22	message:404 The requested URL was not found on the server.  If you entered the URL manually please check your spelling and try again.
time:2018-05-07 12:17:08,731	level:INFO	file:error.py	module:error	method:_ready	line:22	message:404 The requested URL was not found on the server.  If you entered the URL manually please check your spelling and try again.
time:2018-05-07 12:36:40,590	level:INFO	file:error.py	module:error	method:_ready	line:22	message:404 The requested URL was not found on the server.  If you entered the URL manually please check your spelling and try again.
time:2018-05-07 13:53:43,551	level:INFO	file:recommend.py	module:recommend	method:get	line:424	message:お豆　ころり
time:2018-05-07 13:53:57,976	level:INFO	file:recommend.py	module:recommend	method:get	line:424	message:
time:2018-05-07 13:54:01,615	level:INFO	file:recommend.py	module:recommend	method:get	line:424	message:お豆　ころり
time:2018-05-07 13:56:28,483	level:INFO	file:recommend.py	module:recommend	method:get	line:424	message:['お豆\u3000ころり']
time:2018-05-07 13:56:41,491	level:INFO	file:recommend.py	module:recommend	method:get	line:424	message:['お豆', 'ころり']
time:2018-05-07 13:59:27,043	level:INFO	file:recommend.py	module:recommend	method:get	line:425	message:['お豆', 'ころり']
time:2018-05-07 13:59:36,157	level:INFO	file:recommend.py	module:recommend	method:get	line:425	message:['お豆', 'ころり', 'プル']
time:2018-05-07 14:00:00,583	level:INFO	file:recommend.py	module:recommend	method:get	line:425	message:['お豆', 'ころり', 'プル']
time:2018-05-07 14:01:52,928	level:INFO	file:recommend.py	module:recommend	method:get	line:425	message:['お豆', 'ころり', 'プル', 'あああ']
time:2018-05-14 16:22:44,341	level:INFO	file:error.py	module:error	method:_ready	line:22	message:404 The requested URL was not found on the server.  If you entered the URL manually please check your spelling and try again.
time:2018-05-14 16:22:45,271	level:INFO	file:error.py	module:error	method:_ready	line:22	message:404 The requested URL was not found on the server.  If you entered the URL manually please check your spelling and try again.
time:2018-05-14 16:24:07,301	level:INFO	file:error.py	module:error	method:_ready	line:22	message:404 The requested URL was not found on the server.  If you entered the URL manually please check your spelling and try again.
time:2018-05-14 16:24:07,615	level:INFO	file:error.py	module:error	method:_ready	line:22	message:404 The requested URL was not found on the server.  If you entered the URL manually please check your spelling and try again.
time:2018-05-14 16:25:10,717	level:INFO	file:error.py	module:error	method:_ready	line:22	message:404 The requested URL was not found on the server.  If you entered the URL manually please check your spelling and try again.
time:2018-05-14 16:25:11,513	level:INFO	file:error.py	module:error	method:_ready	line:22	message:404 The requested URL was not found on the server.  If you entered the URL manually please check your spelling and try again.
time:2018-05-14 16:26:03,223	level:INFO	file:error.py	module:error	method:_ready	line:22	message:404 The requested URL was not found on the server.  If you entered the URL manually please check your spelling and try again.
time:2018-05-14 16:26:03,469	level:INFO	file:error.py	module:error	method:_ready	line:22	message:404 The requested URL was not found on the server.  If you entered the URL manually please check your spelling and try again.
time:2018-05-14 16:26:04,245	level:INFO	file:error.py	module:error	method:_ready	line:22	message:404 The requested URL was not found on the server.  If you entered the URL manually please check your spelling and try again.
time:2018-05-14 16:26:04,641	level:INFO	file:error.py	module:error	method:_ready	line:22	message:404 The requested URL was not found on the server.  If you entered the URL manually please check your spelling and try again.
time:2018-05-14 16:26:48,354	level:INFO	file:error.py	module:error	method:_ready	line:22	message:404 The requested URL was not found on the server.  If you entered the URL manually please check your spelling and try again.
time:2018-05-14 16:26:49,207	level:INFO	file:error.py	module:error	method:_ready	line:22	message:404 The requested URL was not found on the server.  If you entered the URL manually please check your spelling and try again.
time:2018-05-14 16:27:11,803	level:INFO	file:error.py	module:error	method:_ready	line:22	message:404 The requested URL was not found on the server.  If you entered the URL manually please check your spelling and try again.
time:2018-05-14 16:27:12,346	level:INFO	file:error.py	module:error	method:_ready	line:22	message:404 The requested URL was not found on the server.  If you entered the URL manually please check your spelling and try again.
time:2018-05-14 16:27:23,112	level:INFO	file:error.py	module:error	method:_ready	line:22	message:404 The requested URL was not found on the server.  If you entered the URL manually please check your spelling and try again.
time:2018-05-14 16:27:23,784	level:INFO	file:error.py	module:error	method:_ready	line:22	message:404 The requested URL was not found on the server.  If you entered the URL manually please check your spelling and try again.
time:2018-05-14 16:28:10,566	level:INFO	file:error.py	module:error	method:_ready	line:22	message:404 The requested URL was not found on the server.  If you entered the URL manually please check your spelling and try again.
time:2018-05-14 16:28:10,873	level:INFO	file:error.py	module:error	method:_ready	line:22	message:404 The requested URL was not found on the server.  If you entered the URL manually please check your spelling and try again.
time:2018-05-14 16:28:33,108	level:INFO	file:error.py	module:error	method:_ready	line:22	message:404 The requested URL was not found on the server.  If you entered the URL manually please check your spelling and try again.
time:2018-05-14 16:28:33,973	level:INFO	file:error.py	module:error	method:_ready	line:22	message:404 The requested URL was not found on the server.  If you entered the URL manually please check your spelling and try again.
time:2018-05-14 16:28:59,360	level:INFO	file:error.py	module:error	method:_ready	line:22	message:404 The requested URL was not found on the server.  If you entered the URL manually please check your spelling and try again.
time:2018-05-14 16:28:59,774	level:INFO	file:error.py	module:error	method:_ready	line:22	message:404 The requested URL was not found on the server.  If you entered the URL manually please check your spelling and try again.
time:2018-05-14 16:31:13,712	level:INFO	file:error.py	module:error	method:_ready	line:22	message:404 The requested URL was not found on the server.  If you entered the URL manually please check your spelling and try again.
time:2018-05-14 16:31:14,088	level:INFO	file:error.py	module:error	method:_ready	line:22	message:404 The requested URL was not found on the server.  If you entered the URL manually please check your spelling and try again.
time:2018-05-14 16:31:31,753	level:INFO	file:error.py	module:error	method:_ready	line:22	message:404 The requested URL was not found on the server.  If you entered the URL manually please check your spelling and try again.
time:2018-05-14 16:31:32,135	level:INFO	file:error.py	module:error	method:_ready	line:22	message:404 The requested URL was not found on the server.  If you entered the URL manually please check your spelling and try again.
time:2018-05-14 16:32:29,731	level:INFO	file:error.py	module:error	method:_ready	line:22	message:404 The requested URL was not found on the server.  If you entered the URL manually please check your spelling and try again.
time:2018-05-14 16:32:30,197	level:INFO	file:error.py	module:error	method:_ready	line:22	message:404 The requested URL was not found on the server.  If you entered the URL manually please check your spelling and try again.
time:2018-05-14 16:32:58,138	level:INFO	file:error.py	module:error	method:_ready	line:22	message:404 The requested URL was not found on the server.  If you entered the URL manually please check your spelling and try again.
time:2018-05-14 16:32:58,475	level:INFO	file:error.py	module:error	method:_ready	line:22	message:404 The requested URL was not found on the server.  If you entered the URL manually please check your spelling and try again.
time:2018-05-14 16:33:07,492	level:INFO	file:error.py	module:error	method:_ready	line:22	message:404 The requested URL was not found on the server.  If you entered the URL manually please check your spelling and try again.
time:2018-05-14 16:33:08,241	level:INFO	file:error.py	module:error	method:_ready	line:22	message:404 The requested URL was not found on the server.  If you entered the URL manually please check your spelling and try again.
time:2018-05-14 16:33:38,133	level:INFO	file:error.py	module:error	method:_ready	line:22	message:404 The requested URL was not found on the server.  If you entered the URL manually please check your spelling and try again.
time:2018-05-14 16:33:38,419	level:INFO	file:error.py	module:error	method:_ready	line:22	message:404 The requested URL was not found on the server.  If you entered the URL manually please check your spelling and try again.
time:2018-05-14 16:34:53,912	level:INFO	file:error.py	module:error	method:_ready	line:22	message:404 The requested URL was not found on the server.  If you entered the URL manually please check your spelling and try again.
time:2018-05-14 16:34:54,331	level:INFO	file:error.py	module:error	method:_ready	line:22	message:404 The requested URL was not found on the server.  If you entered the URL manually please check your spelling and try again.
time:2018-05-14 16:34:55,715	level:INFO	file:error.py	module:error	method:_ready	line:22	message:404 The requested URL was not found on the server.  If you entered the URL manually please check your spelling and try again.
time:2018-05-14 16:34:55,894	level:INFO	file:error.py	module:error	method:_ready	line:22	message:404 The requested URL was not found on the server.  If you entered the URL manually please check your spelling and try again.
time:2018-05-14 16:35:10,987	level:INFO	file:error.py	module:error	method:_ready	line:22	message:404 The requested URL was not found on the server.  If you entered the URL manually please check your spelling and try again.
time:2018-05-14 16:35:11,243	level:INFO	file:error.py	module:error	method:_ready	line:22	message:404 The requested URL was not found on the server.  If you entered the URL manually please check your spelling and try again.
time:2018-05-14 16:35:50,690	level:INFO	file:error.py	module:error	method:_ready	line:22	message:404 The requested URL was not found on the server.  If you entered the URL manually please check your spelling and try again.
time:2018-05-14 16:35:51,144	level:INFO	file:error.py	module:error	method:_ready	line:22	message:404 The requested URL was not found on the server.  If you entered the URL manually please check your spelling and try again.
time:2018-05-14 16:39:15,081	level:INFO	file:error.py	module:error	method:_ready	line:22	message:404 The requested URL was not found on the server.  If you entered the URL manually please check your spelling and try again.
time:2018-05-14 16:39:15,521	level:INFO	file:error.py	module:error	method:_ready	line:22	message:404 The requested URL was not found on the server.  If you entered the URL manually please check your spelling and try again.
time:2018-05-14 16:40:25,691	level:INFO	file:error.py	module:error	method:_ready	line:22	message:404 The requested URL was not found on the server.  If you entered the URL manually please check your spelling and try again.
time:2018-05-14 16:40:26,128	level:INFO	file:error.py	module:error	method:_ready	line:22	message:404 The requested URL was not found on the server.  If you entered the URL manually please check your spelling and try again.
time:2018-05-14 16:41:07,760	level:INFO	file:error.py	module:error	method:_ready	line:22	message:404 The requested URL was not found on the server.  If you entered the URL manually please check your spelling and try again.
time:2018-05-14 16:41:08,226	level:INFO	file:error.py	module:error	method:_ready	line:22	message:404 The requested URL was not found on the server.  If you entered the URL manually please check your spelling and try again.
time:2018-05-14 16:41:09,000	level:INFO	file:error.py	module:error	method:_ready	line:22	message:404 The requested URL was not found on the server.  If you entered the URL manually please check your spelling and try again.
time:2018-05-14 16:41:09,942	level:INFO	file:error.py	module:error	method:_ready	line:22	message:404 The requested URL was not found on the server.  If you entered the URL manually please check your spelling and try again.
time:2018-05-14 16:41:45,914	level:INFO	file:error.py	module:error	method:_ready	line:22	message:404 The requested URL was not found on the server.  If you entered the URL manually please check your spelling and try again.
time:2018-05-14 16:41:46,905	level:INFO	file:error.py	module:error	method:_ready	line:22	message:404 The requested URL was not found on the server.  If you entered the URL manually please check your spelling and try again.
time:2018-05-14 16:42:24,985	level:INFO	file:error.py	module:error	method:_ready	line:22	message:404 The requested URL was not found on the server.  If you entered the URL manually please check your spelling and try again.
time:2018-05-14 16:42:25,733	level:INFO	file:error.py	module:error	method:_ready	line:22	message:404 The requested URL was not found on the server.  If you entered the URL manually please check your spelling and try again.
time:2018-05-14 16:42:38,674	level:INFO	file:error.py	module:error	method:_ready	line:22	message:404 The requested URL was not found on the server.  If you entered the URL manually please check your spelling and try again.
time:2018-05-14 16:42:39,122	level:INFO	file:error.py	module:error	method:_ready	line:22	message:404 The requested URL was not found on the server.  If you entered the URL manually please check your spelling and try again.
time:2018-05-14 16:43:24,339	level:INFO	file:error.py	module:error	method:_ready	line:22	message:404 The requested URL was not found on the server.  If you entered the URL manually please check your spelling and try again.
time:2018-05-14 16:43:24,646	level:INFO	file:error.py	module:error	method:_ready	line:22	message:404 The requested URL was not found on the server.  If you entered the URL manually please check your spelling and try again.
time:2018-05-14 16:44:25,525	level:INFO	file:error.py	module:error	method:_ready	line:22	message:404 The requested URL was not found on the server.  If you entered the URL manually please check your spelling and try again.
time:2018-05-14 16:44:25,904	level:INFO	file:error.py	module:error	method:_ready	line:22	message:404 The requested URL was not found on the server.  If you entered the URL manually please check your spelling and try again.
time:2018-05-14 16:44:47,763	level:INFO	file:error.py	module:error	method:_ready	line:22	message:404 The requested URL was not found on the server.  If you entered the URL manually please check your spelling and try again.
time:2018-05-14 16:44:48,121	level:INFO	file:error.py	module:error	method:_ready	line:22	message:404 The requested URL was not found on the server.  If you entered the URL manually please check your spelling and try again.
time:2018-05-14 16:44:59,997	level:INFO	file:error.py	module:error	method:_ready	line:22	message:404 The requested URL was not found on the server.  If you entered the URL manually please check your spelling and try again.
time:2018-05-14 16:45:00,722	level:INFO	file:error.py	module:error	method:_ready	line:22	message:404 The requested URL was not found on the server.  If you entered the URL manually please check your spelling and try again.
time:2018-05-14 16:46:31,383	level:INFO	file:error.py	module:error	method:_ready	line:22	message:404 The requested URL was not found on the server.  If you entered the URL manually please check your spelling and try again.
time:2018-05-14 16:46:31,766	level:INFO	file:error.py	module:error	method:_ready	line:22	message:404 The requested URL was not found on the server.  If you entered the URL manually please check your spelling and try again.
time:2018-05-14 16:50:26,254	level:INFO	file:error.py	module:error	method:_ready	line:22	message:404 The requested URL was not found on the server.  If you entered the URL manually please check your spelling and try again.
time:2018-05-14 16:50:26,619	level:INFO	file:error.py	module:error	method:_ready	line:22	message:404 The requested URL was not found on the server.  If you entered the URL manually please check your spelling and try again.
time:2018-05-14 16:51:03,340	level:INFO	file:error.py	module:error	method:_ready	line:22	message:404 The requested URL was not found on the server.  If you entered the URL manually please check your spelling and try again.
time:2018-05-14 16:51:03,607	level:INFO	file:error.py	module:error	method:_ready	line:22	message:404 The requested URL was not found on the server.  If you entered the URL manually please check your spelling and try again.
time:2018-05-14 16:51:53,168	level:INFO	file:error.py	module:error	method:_ready	line:22	message:404 The requested URL was not found on the server.  If you entered the URL manually please check your spelling and try again.
time:2018-05-14 16:51:53,888	level:INFO	file:error.py	module:error	method:_ready	line:22	message:404 The requested URL was not found on the server.  If you entered the URL manually please check your spelling and try again.
time:2018-05-14 16:52:11,487	level:INFO	file:error.py	module:error	method:_ready	line:22	message:404 The requested URL was not found on the server.  If you entered the URL manually please check your spelling and try again.
time:2018-05-14 16:52:11,997	level:INFO	file:error.py	module:error	method:_ready	line:22	message:404 The requested URL was not found on the server.  If you entered the URL manually please check your spelling and try again.
time:2018-05-14 16:52:40,755	level:INFO	file:error.py	module:error	method:_ready	line:22	message:404 The requested URL was not found on the server.  If you entered the URL manually please check your spelling and try again.
time:2018-05-14 16:52:41,097	level:INFO	file:error.py	module:error	method:_ready	line:22	message:404 The requested URL was not found on the server.  If you entered the URL manually please check your spelling and try again.
time:2018-05-14 16:53:16,853	level:INFO	file:error.py	module:error	method:_ready	line:22	message:404 The requested URL was not found on the server.  If you entered the URL manually please check your spelling and try again.
time:2018-05-14 16:53:17,217	level:INFO	file:error.py	module:error	method:_ready	line:22	message:404 The requested URL was not found on the server.  If you entered the URL manually please check your spelling and try again.
time:2018-05-14 16:53:48,570	level:INFO	file:error.py	module:error	method:_ready	line:22	message:404 The requested URL was not found on the server.  If you entered the URL manually please check your spelling and try again.
time:2018-05-14 16:53:49,263	level:INFO	file:error.py	module:error	method:_ready	line:22	message:404 The requested URL was not found on the server.  If you entered the URL manually please check your spelling and try again.
time:2018-05-14 16:54:42,429	level:INFO	file:error.py	module:error	method:_ready	line:22	message:404 The requested URL was not found on the server.  If you entered the URL manually please check your spelling and try again.
time:2018-05-14 16:54:42,654	level:INFO	file:error.py	module:error	method:_ready	line:22	message:404 The requested URL was not found on the server.  If you entered the URL manually please check your spelling and try again.
time:2018-05-14 16:54:52,596	level:INFO	file:error.py	module:error	method:_ready	line:22	message:404 The requested URL was not found on the server.  If you entered the URL manually please check your spelling and try again.
time:2018-05-14 16:54:53,255	level:INFO	file:error.py	module:error	method:_ready	line:22	message:404 The requested URL was not found on the server.  If you entered the URL manually please check your spelling and try again.
time:2018-05-14 16:55:24,981	level:INFO	file:error.py	module:error	method:_ready	line:22	message:404 The requested URL was not found on the server.  If you entered the URL manually please check your spelling and try again.
time:2018-05-14 16:55:25,389	level:INFO	file:error.py	module:error	method:_ready	line:22	message:404 The requested URL was not found on the server.  If you entered the URL manually please check your spelling and try again.
time:2018-05-14 16:55:42,279	level:INFO	file:error.py	module:error	method:_ready	line:22	message:404 The requested URL was not found on the server.  If you entered the URL manually please check your spelling and try again.
time:2018-05-14 16:55:42,824	level:INFO	file:error.py	module:error	method:_ready	line:22	message:404 The requested URL was not found on the server.  If you entered the URL manually please check your spelling and try again.
time:2018-05-14 16:55:43,413	level:INFO	file:error.py	module:error	method:_ready	line:22	message:404 The requested URL was not found on the server.  If you entered the URL manually please check your spelling and try again.
time:2018-05-14 16:55:46,258	level:INFO	file:error.py	module:error	method:_ready	line:22	message:404 The requested URL was not found on the server.  If you entered the URL manually please check your spelling and try again.
time:2018-05-14 16:55:46,973	level:INFO	file:error.py	module:error	method:_ready	line:22	message:404 The requested URL was not found on the server.  If you entered the URL manually please check your spelling and try again.
time:2018-05-14 16:55:55,259	level:INFO	file:error.py	module:error	method:_ready	line:22	message:404 The requested URL was not found on the server.  If you entered the URL manually please check your spelling and try again.
time:2018-05-14 16:55:55,395	level:INFO	file:error.py	module:error	method:_ready	line:22	message:404 The requested URL was not found on the server.  If you entered the URL manually please check your spelling and try again.
time:2018-05-14 17:16:43,354	level:INFO	file:error.py	module:error	method:_ready	line:22	message:404 The requested URL was not found on the server.  If you entered the URL manually please check your spelling and try again.
time:2018-05-14 17:16:44,009	level:INFO	file:error.py	module:error	method:_ready	line:22	message:404 The requested URL was not found on the server.  If you entered the URL manually please check your spelling and try again.
time:2018-05-14 17:17:06,296	level:INFO	file:error.py	module:error	method:_ready	line:22	message:404 The requested URL was not found on the server.  If you entered the URL manually please check your spelling and try again.
time:2018-05-14 17:17:06,836	level:INFO	file:error.py	module:error	method:_ready	line:22	message:404 The requested URL was not found on the server.  If you entered the URL manually please check your spelling and try again.
time:2018-05-14 17:17:47,413	level:INFO	file:error.py	module:error	method:_ready	line:22	message:404 The requested URL was not found on the server.  If you entered the URL manually please check your spelling and try again.
time:2018-05-14 17:17:48,163	level:INFO	file:error.py	module:error	method:_ready	line:22	message:404 The requested URL was not found on the server.  If you entered the URL manually please check your spelling and try again.
time:2018-05-14 17:18:28,873	level:INFO	file:error.py	module:error	method:_ready	line:22	message:404 The requested URL was not found on the server.  If you entered the URL manually please check your spelling and try again.
time:2018-05-14 17:18:29,614	level:INFO	file:error.py	module:error	method:_ready	line:22	message:404 The requested URL was not found on the server.  If you entered the URL manually please check your spelling and try again.
time:2018-05-14 17:18:52,066	level:INFO	file:error.py	module:error	method:_ready	line:22	message:404 The requested URL was not found on the server.  If you entered the URL manually please check your spelling and try again.
time:2018-05-14 17:18:52,736	level:INFO	file:error.py	module:error	method:_ready	line:22	message:404 The requested URL was not found on the server.  If you entered the URL manually please check your spelling and try again.
time:2018-05-14 17:19:37,141	level:INFO	file:error.py	module:error	method:_ready	line:22	message:404 The requested URL was not found on the server.  If you entered the URL manually please check your spelling and try again.
time:2018-05-14 17:19:37,741	level:INFO	file:error.py	module:error	method:_ready	line:22	message:404 The requested URL was not found on the server.  If you entered the URL manually please check your spelling and try again.
time:2018-05-14 17:20:29,199	level:INFO	file:error.py	module:error	method:_ready	line:22	message:404 The requested URL was not found on the server.  If you entered the URL manually please check your spelling and try again.
time:2018-05-14 17:20:29,794	level:INFO	file:error.py	module:error	method:_ready	line:22	message:404 The requested URL was not found on the server.  If you entered the URL manually please check your spelling and try again.
time:2018-05-14 17:21:36,458	level:INFO	file:error.py	module:error	method:_ready	line:22	message:404 The requested URL was not found on the server.  If you entered the URL manually please check your spelling and try again.
time:2018-05-14 17:21:37,490	level:INFO	file:error.py	module:error	method:_ready	line:22	message:404 The requested URL was not found on the server.  If you entered the URL manually please check your spelling and try again.
time:2018-05-14 17:22:21,874	level:INFO	file:error.py	module:error	method:_ready	line:22	message:404 The requested URL was not found on the server.  If you entered the URL manually please check your spelling and try again.
time:2018-05-14 17:22:22,447	level:INFO	file:error.py	module:error	method:_ready	line:22	message:404 The requested URL was not found on the server.  If you entered the URL manually please check your spelling and try again.
time:2018-05-14 17:22:37,855	level:INFO	file:error.py	module:error	method:_ready	line:22	message:404 The requested URL was not found on the server.  If you entered the URL manually please check your spelling and try again.
time:2018-05-14 17:22:38,507	level:INFO	file:error.py	module:error	method:_ready	line:22	message:404 The requested URL was not found on the server.  If you entered the URL manually please check your spelling and try again.
time:2018-05-14 17:24:48,956	level:INFO	file:error.py	module:error	method:_ready	line:22	message:404 The requested URL was not found on the server.  If you entered the URL manually please check your spelling and try again.
time:2018-05-14 17:24:49,863	level:INFO	file:error.py	module:error	method:_ready	line:22	message:404 The requested URL was not found on the server.  If you entered the URL manually please check your spelling and try again.
time:2018-05-14 17:25:04,488	level:INFO	file:error.py	module:error	method:_ready	line:22	message:404 The requested URL was not found on the server.  If you entered the URL manually please check your spelling and try again.
time:2018-05-14 17:25:05,436	level:INFO	file:error.py	module:error	method:_ready	line:22	message:404 The requested URL was not found on the server.  If you entered the URL manually please check your spelling and try again.
time:2018-05-14 17:26:58,635	level:INFO	file:error.py	module:error	method:_ready	line:22	message:404 The requested URL was not found on the server.  If you entered the URL manually please check your spelling and try again.
time:2018-05-14 17:26:59,456	level:INFO	file:error.py	module:error	method:_ready	line:22	message:404 The requested URL was not found on the server.  If you entered the URL manually please check your spelling and try again.
time:2018-05-14 17:27:32,748	level:INFO	file:error.py	module:error	method:_ready	line:22	message:404 The requested URL was not found on the server.  If you entered the URL manually please check your spelling and try again.
time:2018-05-14 17:27:33,499	level:INFO	file:error.py	module:error	method:_ready	line:22	message:404 The requested URL was not found on the server.  If you entered the URL manually please check your spelling and try again.
time:2018-05-14 17:27:44,919	level:INFO	file:error.py	module:error	method:_ready	line:22	message:404 The requested URL was not found on the server.  If you entered the URL manually please check your spelling and try again.
time:2018-05-14 17:50:19,727	level:INFO	file:error.py	module:error	method:_ready	line:22	message:404 The requested URL was not found on the server.  If you entered the URL manually please check your spelling and try again.
time:2018-05-14 17:50:19,788	level:INFO	file:error.py	module:error	method:_ready	line:22	message:404 The requested URL was not found on the server.  If you entered the URL manually please check your spelling and try again.
